mode: atomic
github.com/observerly/iris/pkg/histogram/histogram.go:20.52,27.47 4 0
github.com/observerly/iris/pkg/histogram/histogram.go:32.2,32.12 1 0
github.com/observerly/iris/pkg/histogram/histogram.go:27.47,30.3 2 0
github.com/observerly/iris/pkg/histogram/histogram.go:42.57,49.47 4 0
github.com/observerly/iris/pkg/histogram/histogram.go:54.2,54.12 1 0
github.com/observerly/iris/pkg/histogram/histogram.go:49.47,52.3 2 0
github.com/observerly/iris/pkg/photometry/stars.go:22.93,27.29 2 2
github.com/observerly/iris/pkg/photometry/stars.go:31.2,40.3 2 2
github.com/observerly/iris/pkg/photometry/stars.go:27.29,29.3 1 32
github.com/observerly/iris/pkg/photometry/stars.go:43.51,46.34 2 1
github.com/observerly/iris/pkg/photometry/stars.go:66.2,66.14 1 1
github.com/observerly/iris/pkg/photometry/stars.go:46.34,48.35 1 256
github.com/observerly/iris/pkg/photometry/stars.go:48.35,52.22 2 24
github.com/observerly/iris/pkg/photometry/stars.go:62.4,62.29 1 24
github.com/observerly/iris/pkg/photometry/stars.go:52.22,56.85 2 23
github.com/observerly/iris/pkg/photometry/stars.go:56.85,58.6 1 5
github.com/observerly/iris/pkg/photometry/noise.go:12.77,17.29 2 2
github.com/observerly/iris/pkg/photometry/noise.go:21.2,26.3 1 2
github.com/observerly/iris/pkg/photometry/noise.go:17.29,19.3 1 32
github.com/observerly/iris/pkg/photometry/noise.go:34.53,56.33 6 1
github.com/observerly/iris/pkg/photometry/noise.go:81.2,83.19 2 1
github.com/observerly/iris/pkg/photometry/noise.go:56.33,58.34 2 15
github.com/observerly/iris/pkg/photometry/noise.go:77.3,77.15 1 15
github.com/observerly/iris/pkg/photometry/noise.go:58.34,66.29 3 225
github.com/observerly/iris/pkg/photometry/noise.go:73.4,73.25 1 225
github.com/observerly/iris/pkg/photometry/noise.go:66.29,67.44 1 2025
github.com/observerly/iris/pkg/photometry/noise.go:67.44,69.6 1 1978
github.com/observerly/iris/pkg/fits/fits.go:22.85,45.2 4 5
github.com/observerly/iris/pkg/fits/fits.go:49.127,52.31 2 12
github.com/observerly/iris/pkg/fits/fits.go:56.2,56.17 1 12
github.com/observerly/iris/pkg/fits/fits.go:60.2,89.3 4 12
github.com/observerly/iris/pkg/fits/fits.go:52.31,54.3 1 24
github.com/observerly/iris/pkg/fits/fits.go:56.17,58.3 1 12
github.com/observerly/iris/pkg/fits/fits.go:94.110,100.25 3 3
github.com/observerly/iris/pkg/fits/fits.go:106.2,106.17 1 3
github.com/observerly/iris/pkg/fits/fits.go:110.2,123.3 2 3
github.com/observerly/iris/pkg/fits/fits.go:100.25,101.27 1 48
github.com/observerly/iris/pkg/fits/fits.go:101.27,103.4 1 768
github.com/observerly/iris/pkg/fits/fits.go:106.17,108.3 1 0
github.com/observerly/iris/pkg/fits/fits.go:128.55,143.2 2 1
github.com/observerly/iris/pkg/fits/header.go:38.86,116.2 9 25
github.com/observerly/iris/pkg/fits/header.go:122.41,123.28 1 7
github.com/observerly/iris/pkg/fits/header.go:127.2,127.30 1 7
github.com/observerly/iris/pkg/fits/header.go:131.2,131.27 1 7
github.com/observerly/iris/pkg/fits/header.go:135.2,135.29 1 7
github.com/observerly/iris/pkg/fits/header.go:139.2,139.28 1 7
github.com/observerly/iris/pkg/fits/header.go:143.2,143.21 1 7
github.com/observerly/iris/pkg/fits/header.go:123.28,125.3 1 7
github.com/observerly/iris/pkg/fits/header.go:127.30,129.3 1 15
github.com/observerly/iris/pkg/fits/header.go:131.27,133.3 1 28
github.com/observerly/iris/pkg/fits/header.go:135.29,137.3 1 1
github.com/observerly/iris/pkg/fits/header.go:139.28,141.3 1 1
github.com/observerly/iris/pkg/fits/header.go:147.69,148.18 1 7
github.com/observerly/iris/pkg/fits/header.go:152.2,152.23 1 7
github.com/observerly/iris/pkg/fits/header.go:157.2,160.11 2 7
github.com/observerly/iris/pkg/fits/header.go:164.2,164.55 1 7
github.com/observerly/iris/pkg/fits/header.go:148.18,150.3 1 0
github.com/observerly/iris/pkg/fits/header.go:152.23,154.3 1 0
github.com/observerly/iris/pkg/fits/header.go:160.11,162.3 1 7
github.com/observerly/iris/pkg/fits/header.go:168.59,169.18 1 16
github.com/observerly/iris/pkg/fits/header.go:172.2,172.23 1 16
github.com/observerly/iris/pkg/fits/header.go:177.2,179.22 2 16
github.com/observerly/iris/pkg/fits/header.go:169.18,171.3 1 0
github.com/observerly/iris/pkg/fits/header.go:172.23,174.3 1 0
github.com/observerly/iris/pkg/fits/header.go:179.22,181.3 1 14
github.com/observerly/iris/pkg/fits/header.go:181.8,186.23 3 2
github.com/observerly/iris/pkg/fits/header.go:191.3,191.85 1 2
github.com/observerly/iris/pkg/fits/header.go:186.23,189.4 2 0
github.com/observerly/iris/pkg/fits/header.go:196.69,197.18 1 28
github.com/observerly/iris/pkg/fits/header.go:201.2,201.23 1 28
github.com/observerly/iris/pkg/fits/header.go:205.2,205.59 1 28
github.com/observerly/iris/pkg/fits/header.go:197.18,199.3 1 0
github.com/observerly/iris/pkg/fits/header.go:201.23,203.3 1 0
github.com/observerly/iris/pkg/fits/header.go:209.73,210.18 1 1
github.com/observerly/iris/pkg/fits/header.go:214.2,214.23 1 1
github.com/observerly/iris/pkg/fits/header.go:218.2,218.59 1 1
github.com/observerly/iris/pkg/fits/header.go:210.18,212.3 1 0
github.com/observerly/iris/pkg/fits/header.go:214.23,216.3 1 1
github.com/observerly/iris/pkg/fits/header.go:222.33,225.2 2 7
github.com/observerly/iris/pkg/iris/monochrome.go:28.95,42.2 3 11
github.com/observerly/iris/pkg/iris/monochrome.go:44.79,49.16 3 12
github.com/observerly/iris/pkg/iris/monochrome.go:53.2,53.18 1 12
github.com/observerly/iris/pkg/iris/monochrome.go:49.16,51.3 1 0
github.com/observerly/iris/pkg/iris/monochrome.go:56.61,74.2 3 1
github.com/observerly/iris/pkg/iris/monochrome.go:76.116,88.32 8 1
github.com/observerly/iris/pkg/iris/monochrome.go:114.2,114.18 1 1
github.com/observerly/iris/pkg/iris/monochrome.go:88.32,91.28 2 215
github.com/observerly/iris/pkg/iris/monochrome.go:95.3,97.28 2 209
github.com/observerly/iris/pkg/iris/monochrome.go:101.3,108.29 5 208
github.com/observerly/iris/pkg/iris/monochrome.go:91.28,92.12 1 6
github.com/observerly/iris/pkg/iris/monochrome.go:97.28,98.9 1 1
github.com/observerly/iris/pkg/iris/monochrome.go:108.29,111.4 2 16
github.com/observerly/iris/pkg/iris/monochrome.go:117.65,124.51 4 8
github.com/observerly/iris/pkg/iris/monochrome.go:128.2,128.47 1 8
github.com/observerly/iris/pkg/iris/monochrome.go:132.2,134.29 2 8
github.com/observerly/iris/pkg/iris/monochrome.go:124.51,126.3 1 5127392
github.com/observerly/iris/pkg/iris/monochrome.go:128.47,130.3 1 5127392
github.com/observerly/iris/pkg/iris/monochrome.go:137.74,148.51 6 3
github.com/observerly/iris/pkg/iris/monochrome.go:158.2,158.47 1 3
github.com/observerly/iris/pkg/iris/monochrome.go:162.2,164.29 2 3
github.com/observerly/iris/pkg/iris/monochrome.go:148.51,151.30 2 3417824
github.com/observerly/iris/pkg/iris/monochrome.go:151.30,153.4 1 467899
github.com/observerly/iris/pkg/iris/monochrome.go:153.9,155.4 1 2949925
github.com/observerly/iris/pkg/iris/monochrome.go:158.47,160.3 1 3417824
github.com/observerly/iris/pkg/iris/monochrome.go:167.73,177.51 5 1
github.com/observerly/iris/pkg/iris/monochrome.go:187.2,187.47 1 1
github.com/observerly/iris/pkg/iris/monochrome.go:191.2,193.28 2 1
github.com/observerly/iris/pkg/iris/monochrome.go:177.51,180.26 2 256
github.com/observerly/iris/pkg/iris/monochrome.go:180.26,182.4 1 251
github.com/observerly/iris/pkg/iris/monochrome.go:182.9,184.4 1 5
github.com/observerly/iris/pkg/iris/monochrome.go:187.47,189.3 1 256
github.com/observerly/iris/pkg/iris/monochrome16.go:28.99,42.2 3 10
github.com/observerly/iris/pkg/iris/monochrome16.go:44.83,49.16 3 10
github.com/observerly/iris/pkg/iris/monochrome16.go:53.2,53.18 1 10
github.com/observerly/iris/pkg/iris/monochrome16.go:49.16,51.3 1 0
github.com/observerly/iris/pkg/iris/monochrome16.go:56.63,74.2 3 1
github.com/observerly/iris/pkg/iris/monochrome16.go:76.123,88.32 8 1
github.com/observerly/iris/pkg/iris/monochrome16.go:114.2,114.18 1 1
github.com/observerly/iris/pkg/iris/monochrome16.go:88.32,91.28 2 215
github.com/observerly/iris/pkg/iris/monochrome16.go:95.3,97.28 2 209
github.com/observerly/iris/pkg/iris/monochrome16.go:101.3,108.29 5 208
github.com/observerly/iris/pkg/iris/monochrome16.go:91.28,92.12 1 6
github.com/observerly/iris/pkg/iris/monochrome16.go:97.28,98.9 1 1
github.com/observerly/iris/pkg/iris/monochrome16.go:108.29,111.4 2 16
github.com/observerly/iris/pkg/iris/monochrome16.go:117.67,124.53 4 6
github.com/observerly/iris/pkg/iris/monochrome16.go:128.2,128.47 1 6
github.com/observerly/iris/pkg/iris/monochrome16.go:132.2,134.29 2 6
github.com/observerly/iris/pkg/iris/monochrome16.go:124.53,126.3 1 3418352
github.com/observerly/iris/pkg/iris/monochrome16.go:128.47,130.3 1 3418352
github.com/observerly/iris/pkg/iris/monochrome16.go:137.76,148.53 6 2
github.com/observerly/iris/pkg/iris/monochrome16.go:158.2,158.47 1 2
github.com/observerly/iris/pkg/iris/monochrome16.go:162.2,164.29 2 2
github.com/observerly/iris/pkg/iris/monochrome16.go:148.53,151.30 2 1709040
github.com/observerly/iris/pkg/iris/monochrome16.go:151.30,153.4 1 675
github.com/observerly/iris/pkg/iris/monochrome16.go:153.9,155.4 1 1708365
github.com/observerly/iris/pkg/iris/monochrome16.go:158.47,160.3 1 1709040
github.com/observerly/iris/pkg/iris/monochrome16.go:167.75,177.53 5 1
github.com/observerly/iris/pkg/iris/monochrome16.go:187.2,187.47 1 1
github.com/observerly/iris/pkg/iris/monochrome16.go:191.2,193.28 2 1
github.com/observerly/iris/pkg/iris/monochrome16.go:177.53,180.26 2 256
github.com/observerly/iris/pkg/iris/monochrome16.go:180.26,182.4 1 251
github.com/observerly/iris/pkg/iris/monochrome16.go:182.9,184.4 1 5
github.com/observerly/iris/pkg/iris/monochrome16.go:187.47,189.3 1 256
github.com/observerly/iris/pkg/iris/rggb.go:22.85,34.2 2 10
github.com/observerly/iris/pkg/iris/rggb.go:39.85,40.46 1 7
github.com/observerly/iris/pkg/iris/rggb.go:41.14,42.19 1 3
github.com/observerly/iris/pkg/iris/rggb.go:43.14,44.19 1 1
github.com/observerly/iris/pkg/iris/rggb.go:45.14,46.19 1 1
github.com/observerly/iris/pkg/iris/rggb.go:47.14,48.19 1 1
github.com/observerly/iris/pkg/iris/rggb.go:49.10,50.88 1 1
github.com/observerly/iris/pkg/iris/rggb.go:57.85,61.26 2 2
github.com/observerly/iris/pkg/iris/rggb.go:65.2,86.36 10 2
github.com/observerly/iris/pkg/iris/rggb.go:98.2,98.32 1 2
github.com/observerly/iris/pkg/iris/rggb.go:109.2,109.12 1 2
github.com/observerly/iris/pkg/iris/rggb.go:61.26,63.3 1 32
github.com/observerly/iris/pkg/iris/rggb.go:86.36,87.37 1 16
github.com/observerly/iris/pkg/iris/rggb.go:87.37,94.4 3 128
github.com/observerly/iris/pkg/iris/rggb.go:98.32,99.32 1 32
github.com/observerly/iris/pkg/iris/rggb.go:99.32,106.4 1 512
github.com/observerly/iris/pkg/iris/rggb.go:112.59,115.16 2 1
github.com/observerly/iris/pkg/iris/rggb.go:119.2,121.16 2 1
github.com/observerly/iris/pkg/iris/rggb.go:126.2,128.16 2 1
github.com/observerly/iris/pkg/iris/rggb.go:132.2,132.22 1 1
github.com/observerly/iris/pkg/iris/rggb.go:115.16,117.3 1 0
github.com/observerly/iris/pkg/iris/rggb.go:121.16,123.3 1 0
github.com/observerly/iris/pkg/iris/rggb.go:128.16,130.3 1 0
github.com/observerly/iris/pkg/iris/convolution.go:5.122,16.40 5 128
github.com/observerly/iris/pkg/iris/convolution.go:21.2,21.21 1 128
github.com/observerly/iris/pkg/iris/convolution.go:25.2,25.21 1 128
github.com/observerly/iris/pkg/iris/convolution.go:29.2,34.12 5 128
github.com/observerly/iris/pkg/iris/convolution.go:16.40,19.3 2 98
github.com/observerly/iris/pkg/iris/convolution.go:21.21,23.3 1 112
github.com/observerly/iris/pkg/iris/convolution.go:25.21,27.3 1 112
github.com/observerly/iris/pkg/iris/convolution.go:37.126,54.19 8 128
github.com/observerly/iris/pkg/iris/convolution.go:58.2,58.19 1 128
github.com/observerly/iris/pkg/iris/convolution.go:62.2,66.21 3 128
github.com/observerly/iris/pkg/iris/convolution.go:70.2,70.21 1 128
github.com/observerly/iris/pkg/iris/convolution.go:74.2,79.14 5 128
github.com/observerly/iris/pkg/iris/convolution.go:54.19,56.3 1 112
github.com/observerly/iris/pkg/iris/convolution.go:58.19,60.3 1 112
github.com/observerly/iris/pkg/iris/convolution.go:66.21,68.3 1 112
github.com/observerly/iris/pkg/iris/convolution.go:70.21,72.3 1 112
github.com/observerly/iris/pkg/iris/convolution.go:82.124,93.19 5 128
github.com/observerly/iris/pkg/iris/convolution.go:97.2,97.19 1 128
github.com/observerly/iris/pkg/iris/convolution.go:101.2,101.36 1 128
github.com/observerly/iris/pkg/iris/convolution.go:106.2,111.13 5 128
github.com/observerly/iris/pkg/iris/convolution.go:93.19,95.3 1 112
github.com/observerly/iris/pkg/iris/convolution.go:97.19,99.3 1 112
github.com/observerly/iris/pkg/iris/convolution.go:101.36,104.3 2 98
