mode: atomic
github.com/observerly/iris/pkg/iris/monochrome.go:16.84,28.2 3 2
github.com/observerly/iris/pkg/fits/fits.go:17.33,28.2 1 2
github.com/observerly/iris/pkg/fits/fits.go:47.32,52.2 1 1
github.com/observerly/iris/pkg/fits/fits.go:56.72,59.31 2 1
github.com/observerly/iris/pkg/fits/fits.go:63.2,63.17 1 1
github.com/observerly/iris/pkg/fits/fits.go:67.2,78.3 1 1
github.com/observerly/iris/pkg/fits/fits.go:59.31,61.3 1 2
github.com/observerly/iris/pkg/fits/fits.go:63.17,65.3 1 1
github.com/observerly/iris/pkg/fits/fits.go:83.55,98.2 2 1
